Assembler report for project
Wed May 30 13:55:17 2018
Quartus Prime Version 16.1.0 Build 196 10/24/2016 SJ Lite Edition


---------------------
; Table of Contents ;
---------------------
  1. Legal Notice
  2. Assembler Summary
  3. Assembler Settings
  4. Assembler Encrypted IP Cores Summary
  5. Assembler Generated Files
  6. Assembler Device Options: C:/intelFPGA_lite/16.1/SOCO/project/output_files/project.sof
  7. Assembler Messages



----------------
; Legal Notice ;
----------------
Copyright (C) 2016  Intel Corporation. All rights reserved.
Your use of Intel Corporation's design tools, logic functions 
and other software and tools, and its AMPP partner logic 
functions, and any output files from any of the foregoing 
(including device programming or simulation files), and any 
associated documentation or information are expressly subject 
to the terms and conditions of the Intel Program License 
Subscription Agreement, the Intel Quartus Prime License Agreement,
the Intel MegaCore Function License Agreement, or other 
applicable license agreement, including, without limitation, 
that your use is for the sole purpose of programming logic 
devices manufactured by Intel and sold by Intel or its 
authorized distributors.  Please refer to the applicable 
agreement for further details.



+---------------------------------------------------------------+
; Assembler Summary                                             ;
+-----------------------+---------------------------------------+
; Assembler Status      ; Successful - Wed May 30 13:55:17 2018 ;
; Revision Name         ; project                               ;
; Top-level Entity Name ; DE1_SOC_golden_top                    ;
; Family                ; Cyclone V                             ;
; Device                ; 5CSEMA5F31C6                          ;
+-----------------------+---------------------------------------+


+----------------------------------+
; Assembler Settings               ;
+--------+---------+---------------+
; Option ; Setting ; Default Value ;
+--------+---------+---------------+


+------------------------------------------------+
; Assembler Encrypted IP Cores Summary           ;
+--------+------------------------+--------------+
; Vendor ; IP Core Name           ; License Type ;
+--------+------------------------+--------------+
; Altera ; Signal Tap (6AF7 BCE1) ; Licensed     ;
; Altera ; Signal Tap (6AF7 BCEC) ; Licensed     ;
+--------+------------------------+--------------+


+--------------------------------------------------------------+
; Assembler Generated Files                                    ;
+--------------------------------------------------------------+
; File Name                                                    ;
+--------------------------------------------------------------+
; C:/intelFPGA_lite/16.1/SOCO/project/output_files/project.sof ;
+--------------------------------------------------------------+


+----------------------------------------------------------------------------------------+
; Assembler Device Options: C:/intelFPGA_lite/16.1/SOCO/project/output_files/project.sof ;
+----------------+-----------------------------------------------------------------------+
; Option         ; Setting                                                               ;
+----------------+-----------------------------------------------------------------------+
; Device         ; 5CSEMA5F31C6                                                          ;
; JTAG usercode  ; 0x00DB91F9                                                            ;
; Checksum       ; 0x00DB91F9                                                            ;
+----------------+-----------------------------------------------------------------------+


+--------------------+
; Assembler Messages ;
+--------------------+
Info: *******************************************************************
Info: Running Quartus Prime Assembler
    Info: Version 16.1.0 Build 196 10/24/2016 SJ Lite Edition
    Info: Processing started: Wed May 30 13:55:09 2018
Info: Command: quartus_asm --read_settings_files=off --write_settings_files=off project -c project
Info (115030): Assembler is generating device programming files
Info: Quartus Prime Assembler was successful. 0 errors, 0 warnings
    Info: Peak virtual memory: 4866 megabytes
    Info: Processing ended: Wed May 30 13:55:18 2018
    Info: Elapsed time: 00:00:09
    Info: Total CPU time (on all processors): 00:00:08


